1 1 1
746 1376 182
1998 1671 180
3728 2677 238
1655 3284 217
4386 3017 238
4963 4601 210
3008 1346 217
8010 6354 257
7410 8309 252
6655 4974 262
6984 5794 262
11414 11842 237
4564 5650 236
3750 3486 238
4048 3085 238
7514 8856 252
972 859 179
9576 9316 198
3380 2708 217
19866 20601 274
15356 14154 271
20838 20395 256
5808 6736 262
6100 5335 236
21892 22478 269
26163 24582 264
9380 9321 198
1044 754 179
24600 25925 264
13361 11476 276
25824 24842 264
27456 26950 259
15028 14627 271
15715 13930 271
2016 2982 217
28083 29618 272
8170 6321 257
24843 25457 264
37560 39204 275
39442 40840 306
4536 3861 215
1290 1798 180
10912 10349 255
15885 14859 271
1150 1527 182
4277 6086 236
35280 36587 324
47628 48806 265
27100 26856 246
408 1075 179
21580 22975 269
40545 40197 244
7020 7162 195
17655 17156 279
51800 52251 278
23940 25771 264
56434 56475 154
46433 47305 283
27000 27247 259
15006 16566 271
46996 45128 283
62622 64612 330
10560 9374 255
64090 62437 330
3432 1878 217
31825 31472 285
25704 24295 264
11040 12093 250
32130 31354 285
27335 28450 259
5616 5539 236
53801 53963 216
52466 53359 340
49575 50966 296
24624 25332 264
32340 31979 254
22230 22344 238
36735 36711 174
7600 9175 252
23733 24387 251
7298 8059 252
76941 77908 351
4704 4144 215
69105 69800 299
70176 69499 299
6873 6560 244
78144 78299 276
20737 19958 243
63810 64182 255
51142 52854 340
33672 34801 311
51894 53446 340
54426 53250 322
36670 37787 306
57312 57334 198
18430 20376 274
40082 42073 288
44154 42836 270
12200 10593 268
