1 10 20
100 200 125
201 210 89
900 1000 174
10 1 20
1 1 1
5 5 6
1 2 2
990000 1000000 440
210 201 89
10 1 20
1 999999 525
999999 1 525
249727 242001 350
13290 249131 443
70542 73311 325
51261 54607 340
41794 20635 324
30911 562 308
93416 33889 351
5245 1037 238
2219 2877 209
91638 83574 333
34396 18010 311
74940 11870 340
17878 79694 351
99043 849810 525
54591 99283 351
83536 71052 351
1148 9278 262
393284 279294 441
47087 587675 470
835119 452065 509
429435 4588 449
18279 82831 351
52959 60486 322
51332 75285 340
38536 26391 324
10 9 20
44603 81423 351
192159 560122 470
352863 935884 525
95 655 145
77 97 119
79 95 111
500138 904510 525
62 64 108
728765 780076 468
404547 670592 509
9 8 20
313054 257894 407
951 167 179
56655 425814 449
988581 114588 525
981540 889810 507
6834 4432 262
870 704 153
608 778 171
88 42 116
5634 7779 262
85663 283491 443
122 100 114
156074 841316 525
626680 41095 509
42 43 30
1001 2002 182
6537 185 262
35309 24574 311
2552 5208 238
1502 4212 238
626 480 142
376450 50380 443
4546 6390 262
1396 4044 238
2004 3358 217
55533 51900 340
59112 4680 340
84664 6311 351
184882 253945 443
1 1 1
689386 218912 509
8765 4364 262
932923 392491 525
165888 346979 443
722 818 153
624 866 171
700697 720256 504
752419 929085 525
528428 376046 470
656609 66717 509
711 238 171
488499 242128 449
507281 230204 449
359 254 144
521213 985035 525
870870 623237 525
3487 1619 217
394962 744579 509
89917 49413 351
54351 34792 340
