259630 353769 441
152804 214185 383
368597 393315 436
559489 858757 525
738254 546878 509
264176 214743 443
91822 321157 443
1 999999 525
920608 213432 525
403874 726170 509
258654 948541 525
212104 694117 509
720780 589876 509
81914 953725 525
572337 3048 470
990543 260821 525
470674 627489 509
978850 415919 525
979053 291478 525
967519 427810 525
883535 346943 525
148845 647229 509
299794 616905 470
522680 227590 470
721399 354275 509
3802 957851 525
711580 320054 509
92517 709754 509
275674 594097 470
332559 471772 449
299261 476674 449
708667 230908 509
931873 860384 476
955296 127669 525
525093 800453 509
872088 260105 525
17743 668665 509
767047 487678 509
545724 503498 470
38758 458402 449
907778 239320 525
75051 360176 443
464868 758604 509
900055 205387 525
726769 544809 509
471707 395559 449
911865 213307 525
671016 822919 504
628525 671851 442
720914 228960 509
426962 975348 525
298016 923933 525
992994 981104 427
760946 594620 509
387007 283788 441
208207 507669 449
829140 768475 468
444427 211131 449
169418 332741 443
516049 795707 509
610340 967008 525
633938 923202 525
808888 112599 509
503242 531099 470
547083 554374 421
593900 396373 470
526407 316648 470
279146 566530 470
133595 984168 525
415075 52380 449
671791 329427 509
907368 261827 525
704387 277231 509
295212 448482 449
82467 713957 509
427464 143471 449
657161 443673 509
994729 974992 427
707087 866522 525
475159 736539 509
215503 114933 383
416482 311670 449
787737 675300 504
636075 469470 509
286800 131876 443
100940 498947 449
116385 226724 386
118821 649231 509
760097 614169 509
757828 613511 509
454659 348591 449
536816 323210 470
915250 62041 525
824274 249143 509
254929 8009 443
385921 737324 509
322189 613372 470
519849 874729 525
64539 381612 443
93654 434130 449
