1 10 20
100 200 125
201 210 89
900 1000 174
1 1 1
1 999999 525
999999 1 525
999999 999999 259
100000 1 351
1 100000 351
52568 86525 351
2 820 171
820 2 171
420 420 41
398274 398275 100
75 175 125
3736 5882 236
7392 2102 262
9275 5109 262
2879 6908 262
4911 3501 238
8913 641 262
7440 4988 262
458 1473 182
2561 8200 262
4652 4530 184
3132 217 217
618 2482 209
8187 7522 252
1770 1020 182
7793 4852 262
8030 2384 262
9872 5492 262
4246 5495 215
8973 9113 185
8861 2461 262
4242 8124 262
6615 548 262
338 5791 238
554 7634 262
697 7879 262
1937 4635 238
8753 5115 262
1658 5294 238
2681 7994 262
7374 1745 262
3346 7919 262
7365 8545 252
3986 5741 236
6516 2028 262
8375 2840 262
4879 6493 262
5557 851 238
4135 2840 238
4105 4192 189
9634 8085 260
3224 8720 262
2126 2123 126
9315 1274 262
4085 1305 238
9117 3188 262
4562 9223 262
6044 7306 262
8943 5722 262
9195 8489 247
2933 1730 217
7663 3187 262
5173 7134 262
9599 9525 198
8605 8253 234
7861 4216 262
582 534 137
2644 404 209
9959 285 262
9667 1057 262
8686 9008 247
2036 8729 262
3268 326 217
5279 8399 262
309 6303 262
730 2788 209
420 9204 262
3275 1241 217
3544 9962 262
6927 5208 262
6877 9379 260
7218 8242 252
2702 5725 238
9217 2809 262
716 2239 183
8429 1521 262
517 3814 238
8087 9138 247
9205 1507 262
3998 5746 236
42 80 116
92 93 18
155 65 122
247 396 144
9000 9999 260
