1 10 20
100 200 125
201 210 89
900 1000 174
304830 522978 470
745122 615163 509
394514 836288 509
839116 753795 525
301430 86743 443
748023 331958 509
750219 425941 509
534643 800761 509
302987 356551 441
76294 462746 449
330410 366103 441
576654 605253 434
167225 99229 383
551924 520902 452
104416 18305 351
247175 324784 407
518774 611220 452
440962 506902 444
206453 132587 383
469749 519457 470
107711 151757 375
162905 97888 383
883356 876122 401
674797 686891 385
45664 1 324
967739 914301 507
310080 360871 441
801193 828768 450
536922 460270 470
711158 751726 424
179324 188841 365
801912 805879 388
130413 139085 344
99348 103770 341
356431 365435 410
603770 612704 403
878568 880512 357
894095 890942 326
248845 246350 350
3569 7988 262
321828 316536 371
598763 589247 403
588294 597978 403
418248 426544 418
41236 37970 306
445570 436856 400
729341 733397 380
13500 5342 276
964114 972227 458
656647 666210 442
191960 184129 360
568794 568450 284
36237 35656 249
382047 390468 436
973948 981129 427
139176 144035 375
435510 437635 387
221993 217670 355
158935 161292 370
679496 674833 385
68560 68658 237
919527 919454 264
454865 454803 307
415090 415136 250
351470 351495 273
237950 237974 169
408532 408583 312
718850 718753 318
214563 214662 249
998102 998052 228
647425 647355 292
652695 652774 217
349085 349092 167
111274 111264 142
223282 223206 262
19039 19014 199
111283 111260 168
169301 169353 197
380604 380641 224
142924 143020 282
201326 201340 267
244729 244669 213
71343 71383 219
48912 48880 221
86515 86480 227
69828 69891 157
911015 911074 264
119676 119593 243
979303 979299 153
685653 685718 261
18496 18448 230
317635 317536 185
900835 900883 233
267616 267704 270
436014 435957 281
111110 111125 155
157177 157164 202
718184 718197 119
642268 642329 217
198519 198615 329
435268 435265 188
476814 476811 245
898821 898822 88
819345 819338 176
202265 202269 161
218035 218039 94
923035 923031 171
494408 494415 139
650065 650074 186
890885 890882 171
345163 345165 198
516304 516310 183
355573 355563 242
339459 339463 154
18382 18386 93
89475 89480 271
574768 574767 222
217596 217604 249
312204 312198 159
205323 205317 192
642366 642361 217
773458 773466 163
189956 189952 223
246790 246785 63
267863 267866 146
457859 457853 214
147755 147752 158
93119 93122 222
450870 450864 139
688365 688357 137
102202 102201 160
791571 791573 163
167248 167255 135
166885 166876 184
757817 757825 217
193658 193662 192
71466 71457 144
787608 787606 88
634335 634325 173
524241 524238 196
936907 936899 158
813922 813920 238
928955 928955 140
459954 459960 139
532270 532278 209
826883 826881 150
372929 372938 162
288851 288847 190
874389 874399 251
953475 953475 122
