7347 1625 262
19451 3412 279
19655 20145 274
37351 26206 324
37634 49757 314
46838 55054 340
64042 59340 335
76634 69272 325
74841 79661 351
98799 96873 297
108977 96868 354
119138 109133 349
125396 122382 331
125919 134447 344
146382 130140 375
155353 158714 383
162136 152937 383
174656 169374 347
185288 173710 365
193850 183336 360
196048 194632 360
216042 215200 280
228773 217245 368
222570 231503 443
238981 240146 350
244172 259131 363
256136 257318 345
272281 271674 270
272088 279761 389
295533 286114 389
297542 305908 371
305782 304097 309
319755 312109 384
325179 326980 340
333430 343519 366
341291 341894 335
353795 357871 379
360746 377257 423
375935 389786 436
383603 380522 374
397667 401776 387
400360 418307 449
414597 429466 418
421495 439743 418
445483 433309 400
445419 457419 387
453608 456719 338
474896 467260 413
475581 481520 413
484290 488511 382
492889 505537 426
500357 518131 470
523402 524323 302
527918 520063 408
530236 539262 377
548309 549149 333
563483 557670 359
563379 561955 359
586816 577015 434
590655 592272 403
595274 594995 266
616374 607801 447
623280 620000 372
622189 636297 509
632595 632324 328
658702 654466 429
658740 665519 442
664355 670871 442
681470 679428 367
681707 685388 380
709895 701615 504
704895 712019 380
716117 722423 411
721723 729329 411
732582 740222 424
751854 753308 424
767839 768206 468
768540 771230 393
772964 771726 393
785502 791784 406
806625 806099 300
812895 816792 375
820697 828807 419
836644 822849 419
840164 847123 401
854008 857406 419
861281 852484 419
864890 863178 344
880103 886270 370
893178 887115 401
909880 898208 445
915335 905863 476
910264 918165 401
924458 928204 476
933889 944947 507
957226 956881 321
956610 961520 414
978419 967098 458
976499 975111 383
993088 987064 396
