1 10 20
100 200 125
201 210 89
900 1000 174
10 1 20
30 45 110
100 300 128
45 60 113
120 300 128
535 207 144
788 907 179
988 842 179
428 742 171
40 656 145
245 298 123
422 658 145
641 229 144
476 442 129
796 740 153
225 657 145
999 400 179
24 425 144
219 959 179
688 386 145
423 298 144
764 341 171
927 954 174
124 481 144
382 766 171
29 770 171
383 42 144
242 895 179
366 73 144
376 208 144
739 831 153
162 34 122
288 544 144
185 922 179
602 98 144
252 318 131
347 764 171
345 863 171
560 245 144
404 721 171
214 423 144
534 871 179
594 76 144
198 323 131
489 322 144
657 717 171
403 996 179
260 742 171
655 482 145
15 400 144
965 306 179
665 501 145
613 24 144
596 183 144
50 764 171
265 813 171
404 602 142
967 54 179
677 524 145
660 66 145
587 926 179
782 16 171
471 157 144
900 120 179
408 68 144
461 851 171
236 530 144
852 49 171
49 58 113
777 871 179
724 321 171
824 297 171
625 586 132
80 319 131
72 683 145
107 340 144
873 462 179
622 957 179
530 341 142
223 303 128
276 780 171
428 765 171
903 926 130
362 709 171
388 624 142
224 907 179
172 70 125
419 818 171
544 518 137
951 221 179
306 780 171
315 235 131
524 461 142
287 527 144
994 438 179
20 45 112
