19373 960299 525
304995 904692 525
393693 734842 509
330648 327141 353
307853 514998 470
354803 432344 449
179982 125934 383
305876 23933 443
30040 473426 449
219465 245144 443
171675 210474 373
253531 338034 407
932219 208623 525
478387 631584 509
426636 680596 509
203295 212440 373
406756 66546 443
624406 165609 470
7728 340833 443
911366 58909 525
136321 468870 449
564148 985790 525
996351 450609 525
211684 107772 383
61116 597465 470
1 1 1
5 5 6
954048 761068 525
206293 576529 470
451590 712561 509
858334 983913 507
253127 573059 470
462307 350578 449
900318 132938 525
4479 22174 279
281326 612684 470
834771 666268 504
637480 31305 509
710914 967180 525
693312 336966 509
35395 188684 383
904546 460742 525
98539 574928 470
254208 996929 525
467434 905050 525
883226 650627 525
129946 550944 470
655607 499100 509
141855 77989 354
133133 159819 383
98682 519 351
93055 871 351
60646 996 340
85442 451 351
35372 263 311
17812 734 279
14205 601 276
47976 980 324
43712 250 324
94897 91 351
19610 251 279
77797 309 351
14446 157 276
77911 451 351
76693 733 340
10916 865 262
46611 993 324
6644 836 262
49234 580 324
97584 378 351
95397 429 351
44606 601 324
31913 129 308
16177 997 276
91527 654 351
6100 5335 236
21892 22478 269
26163 24582 264
9380 9321 198
1044 754 179
24600 25925 264
13361 11476 276
25824 24842 264
27456 26950 259
15028 14627 271
15715 13930 271
2016 2982 217
28083 29618 272
8170 6321 257
24843 25457 264
37560 39204 275
39442 40840 306
4536 3861 215
1290 1798 180
10912 10349 255
15885 14859 271
1150 1527 182
4277 6086 236
35280 36587 324
47628 48806 265
