1 1 1
1 999999 525
50 6 112
27 54 113
44 72 113
88 59 116
5 95 116
56 9 113
86 3 116
25 53 112
80 32 116
67 49 113
31 36 107
97 16 119
70 92 116
53 46 105
66 95 116
100 49 119
78 25 116
21 61 113
14 12 18
38 31 107
727 906 179
806 723 153
871 752 179
399 701 145
569 382 142
553 665 145
911 293 179
168 502 144
592 899 179
811 630 171
839 343 171
623 633 132
853 855 55
498 295 144
599 235 144
499 721 171
133 194 125
260 526 144
661 533 145
314 862 171
3774 3183 238
7699 7387 239
8549 2673 262
6927 2330 262
9592 9295 198
3825 3226 238
7711 5919 262
3214 2824 217
9944 8860 260
7654 5625 262
9112 9444 260
4120 3366 238
8713 8817 216
6170 3386 238
3985 3113 238
3307 5129 238
3295 3624 194
7732 8114 252
2176 5080 238
4728 2511 238
319278 280513 389
288499 248320 407
330191 386355 441
279751 231087 407
375159 324420 441
218108 370204 443
274537 225343 443
325025 368568 441
345805 242269 407
362593 393920 436
568422 422199 470
504206 487155 426
523134 560889 452
595424 590875 403
464856 468182 413
547265 463127 470
427067 469651 444
575851 489686 470
486200 461114 444
525081 472815 470
660367 626299 509
626390 791775 504
752482 708598 424
635877 627447 416
610350 759899 509
690283 630084 442
770630 717274 468
793586 664593 504
621688 674279 509
775593 778185 393
985924 847223 507
941719 842688 507
988121 984136 427
953804 889765 507
949186 876899 507
993087 885331 507
876365 833400 525
910386 981654 507
