8 8 4
4 10 20
8 5 17
10 1 20
6 5 9
1 10 20
9 999999 525
2 7 17
2 1 2
10 9 20
80 83 111
74 50 116
40 51 110
68 3 113
47 74 116
89 70 116
69 52 113
34 18 112
46 22 112
54 4 113
937 707 179
397 292 144
827 238 171
939 597 179
938 402 179
930 63 179
2 70 113
387 974 179
417 404 134
782 814 135
3756 6078 236
9738 6804 260
9862 806 262
382 1067 179
8542 8028 234
5170 2178 238
1725 5365 238
2091 5449 238
9928 3485 262
4011 5698 236
42933 40638 288
46628 50413 314
51760 85376 351
44724 61502 340
73160 2928 340
73278 5121 340
2483 54564 340
44505 7075 324
16429 49735 324
72488 63150 330
72 3212 217
11 8684 262
77 5641 238
35 4843 238
73 8623 262
2 7145 262
8 8675 262
97 5902 238
25 6064 238
3 2618 209
2 97080 351
1 99831 351
6 73524 340
10 81423 351
5 29510 308
10 75401 340
5 18947 279
10 75258 340
5 47222 324
7 68118 340
5 867252 525
1 877765 525
4 378975 443
6 231572 443
5 292227 443
6 547476 470
8 859191 525
8 542040 470
1 204551 383
3 889075 525
708443 362 509
583948 542 470
369421 862 443
817000 382 509
363127 432222 449
673109 362222 509
589640 522 470
772486 872 509
416887 902 449
827259 592 509
708 7738 262
583 8943 262
369 9754 262
817 7418 262
363 6076 238
673 3127 217
589 6843 262
772 7202 262
416 6965 262
827 2278 183
