244034 857814 525
351125 173395 443
767834 925836 525
298571 667916 509
562870 154241 470
730178 384803 509
62952 446713 449
868024 91933 525
397526 623566 470
853188 30036 525
372748 532915 470
91675 229941 386
839524 210866 525
761470 52284 509
264225 521886 470
25011 959218 525
845619 627017 525
976753 249615 525
626441 758409 504
917273 750261 525
607036 300009 470
270976 994836 525
740132 157782 509
198445 571971 470
198560 842214 525
942916 575517 525
337536 825134 509
898450 519456 525
145 91418 351
674325 467758 509
88040 293337 443
312631 387876 441
401191 830359 509
276413 612053 470
730046 722087 411
7256 266170 443
622068 525304 452
163342 204236 365
679463 72811 509
157800 527647 470
51345 843349 525
256573 443003 449
191372 335772 443
951079 923822 507
128233 910842 525
700100 639309 442
257818 563557 470
60503 734408 509
604583 691800 509
20798 61774 340
937410 433947 525
41235 785941 509
205213 911892 525
900209 589981 525
885817 848035 432
234160 427622 449
152526 228775 386
212768 891869 525
701191 308221 509
225900 27875 386
729792 985220 525
97852 196766 383
846913 36866 525
784613 442055 509
730747 315996 509
154586 23456 375
421621 393509 449
683699 265807 509
146135 236507 443
403152 274063 441
984093 991913 427
303629 852345 525
624395 101367 470
959588 143332 525
358607 326406 441
875752 672749 525
543214 607110 452
347299 122964 443
532510 174628 470
821786 855800 525
724629 867059 525
991000 116746 525
281439 998879 525
805902 55922 509
121690 100461 354
224788 642739 509
748629 100651 509
706680 610370 509
79012 846290 525
357822 630512 509
824983 598203 509
364380 897094 525
523607 947007 525
332378 342368 366
64961 206284 383
285293 541427 470
984448 697283 525
588224 990515 525
136971 958193 525
47020 730521 509
