30887 89384 351
36916 92778 351
38336 47794 314
60493 85387 351
41422 16650 324
90028 2363 351
20060 68691 340
13927 97764 351
83427 80541 320
55737 89173 351
95369 5212 351
56430 2568 340
21531 65783 340
65124 22863 340
3136 74068 340
79803 13930 351
23059 34023 308
98168 33070 351
18457 61394 340
78043 75012 351
77374 76230 351
44920 84422 351
98538 13785 351
94325 75199 351
64371 98316 351
3527 66414 340
68981 76092 325
41874 59957 340
99171 6863 351
97282 6997 351
20926 2306 279
36328 77085 351
26506 60337 340
21730 50847 324
25858 61314 340
53896 16125 340
546 19583 279
33368 98815 351
90365 15435 351
13751 44044 324
26809 71088 340
47179 17277 324
93585 95789 328
2652 5404 238
12400 92755 351
95061 99933 328
93369 49677 351
10013 47740 324
98587 36227 351
97540 48095 351
80571 40796 351
60379 51435 340
66602 97468 351
12903 10098 268
70493 73318 325
60757 26653 340
60281 97302 351
9442 24287 282
29690 53866 340
46620 28445 324
44730 58441 340
8118 58032 340
5772 38098 324
90676 34482 351
98928 20710 351
77857 4568 351
72354 79498 351
76966 54587 335
64684 55307 335
28625 6220 308
32872 51529 324
48830 5733 324
30020 9504 308
63369 58271 335
86716 59709 351
18150 26341 282
724 47797 324
2246 42619 324
93452 22847 351
43556 92922 351
97489 92380 328
88229 37765 351
92351 69842 351
41501 65194 340
87765 57035 351
24915 70125 340
75857 36988 340
46492 73744 340
48366 22228 324
81937 9860 351
52552 51433 340
99229 16438 351
75408 53276 335
76122 1475 340
94396 68859 351
61238 36030 340
73794 8236 340
94429 65819 351
31012 66144 340
39530 35929 306
