73626 74908 325
769126 773157 393
216389 220288 355
702910 704489 349
460776 465031 444
739726 742145 393
75156 78812 351
603708 608319 403
276781 277322 252
268001 268848 270
76393 79860 351
58068 59602 273
741367 746236 349
869985 872133 432
479612 481181 413
177561 182252 365
303416 305000 340
803203 806072 375
129095 130889 344
78256 82297 338
708484 710680 380
361901 363972 361
754888 755999 362
495313 499090 351
564240 568838 421
528693 531526 377
413053 416337 374
462339 464644 338
47540 49595 296
117607 121418 336
589733 593578 403
178723 180936 365
929641 932466 370
393535 396359 405
24837 25287 264
96925 97947 297
328140 331933 353
893483 893536 264
297312 300205 371
854257 857053 388
799129 801765 393
432074 433563 387
162686 162934 259
865583 869308 388
25647 28738 308
617391 620260 372
186790 191255 360
367163 370889 392
72018 75531 325
234013 238208 381
200163 204514 342
464329 466767 369
194020 196597 360
437260 437269 157
341889 344541 353
378145 378936 317
966058 966188 308
16546 17855 279
88528 88706 271
680860 685850 380
950029 953778 414
274299 274570 332
605984 610496 403
653796 657820 429
279573 283256 358
540002 542438 408
766851 767599 318
811831 816628 375
185455 185520 192
609364 612018 354
404559 406735 405
807717 807788 207
851048 855501 419
161795 162986 339
751192 751392 256
515597 517238 302
311088 312215 309
501265 503222 426
11833 12248 250
414499 415068 374
717080 717747 349
848464 852804 357
323724 326595 384
836653 839021 525
321747 326247 384
699784 703497 411
117868 120139 336
642496 645358 354
202808 206616 355
444017 447364 338
104122 108590 354
120903 125479 336
48125 49221 296
554420 555742 390
783125 786280 375
134780 137904 344
416509 421339 343
880109 882055 326
460256 464074 444
397933 400606 374
