1 10 20
100 200 125
201 210 89
900 1000 174
2 18 21
662 59312 340
5 5 6
6 5 9
4 38 112
5660 2 238
442 7845 262
8052 2 262
7819 142 262
335 9301 262
2 7114 262
761 8267 262
888 3763 238
9240 2 262
2 5022 238
1505 473 182
559 5759 238
3798 16 238
518 5771 238
3 9272 262
5 3346 217
1 6772 262
22 8138 262
9170 5 262
115 9477 262
9490 12 262
6879 331 262
1 9488 262
34 9307 262
1481 144 182
877 677 179
3 5684 238
841 2461 183
344 6937 262
4 3634 217
4 6378 262
3890 7 238
273 6867 262
7 1262 182
3709 707 217
8536 2 262
615 1999 182
3932 1 238
2 2508 209
1784 7 182
5456 1 238
3 4166 238
9910 2 262
134 1757 182
855 708 153
2 9244 262
1 3030 217
764 2 171
4762 24 238
285 3205 217
8813 440 262
3797 993 238
571 5703 238
85 8189 262
7414 2 262
198 7457 262
416 1757 182
6242 2 262
9515 446 262
547 947 179
457 4789 238
4266 3 238
9845 124 262
2035 79 182
7 1772 182
8003 201 262
9641 883 262
1538 4 182
704 5 171
4379 78 238
5189 188 238
548 4651 238
1104 3 179
857 961 179
3688 25 217
6 3648 217
4 2356 183
2 8478 262
4 3082 217
341 2951 217
58 2536 209
4 4636 238
8 958 179
5 2192 182
2754 6 209
6634 1 262
995 9529 262
9173 180 262
1764 10 182
8514 1 262
3652 1 217
