1 10 20
100 200 125
201 210 89
900 1000 174
1 1 1
5000 10000 262
10000 5000 262
1 999999 525
999999 1 525
100000 100100 310
99 150 122
160 70 122
123456 456789 449
137483 234856 443
5069 3827 215
19234 28374 308
50854 28345 324
234 890 179
7689 1236 262
1 2 2
999999 900000 507
666 777 171
1216 515 182
62 71 108
84612 4885 351
6000 8000 262
90000 100000 333
200000 500000 449
40606060 707070 509
401 1000 179
15951 75357 340
4862 2684 238
7894 1234 262
9563 4215 262
748 523 171
451 425 116
999 1000 112
84516 24356 351
79461 31647 351
54683 94512 351
7004 9018 252
9018 7895 252
2122 6137 238
95595 44890 351
713 281 171
4094 4756 215
43146 45023 270
37536 36057 306
143374 143644 282
123070 123320 287
148200 146961 295
512 907 179
78746 78733 139
689386 218912 509
8765 4364 262
932923 392491 525
165888 346979 443
722 818 153
624 866 171
711 238 171
40000 50000 314
50000 60000 340
60000 70000 335
70000 80000 351
80000 90000 333
90000 100000 333
500000 999999 525
7000 5000 262
3870 4766 215
31856 30882 285
5355 3431 238
13188 12476 263
12324 12139 188
32754 31193 285
99 1 119
51 25 112
800 201 171
9876 5432 262
9514 7532 260
46798 98523 351
4783 87 238
21466 38495 324
51592 1792 324
1337 7331 262
8008 135 262
77778 54444 351
25368 54251 340
54789 21453 340
9191 8484 247
7523 4251 262
64 754 171
1992 2015 144
68693 74258 325
54 53 113
78 1 116
6895 1245 262
74856 52410 340
652 485 145
68693 57582 335
8792 5613 262