86894 37190 351
81715 1490 351
51589 70266 340
51019 56403 340
56672 86609 351
1202 36912 324
66750 27147 340
91642 74054 351
1965 46536 324
88726 67100 351
17071 2574 276
63301 79179 351
61590 81829 351
99894 79157 333
15108 16445 253
75422 16716 340
53215 24441 340
64926 29842 340
13327 13968 258
28650 97241 351
55833 23717 340
73884 56840 335
62809 60181 335
9645 1969 262
75160 16219 340
46392 47981 314
37562 2891 324
96792 63055 351
92174 50833 351
6294 21508 279
72306 1826 340
44890 68976 340
95478 12148 351
2595 80626 351
18683 97820 351
11263 93066 351
11742 71758 340
28841 28086 259
66957 20821 340
10743 77981 351
77001 60075 335
17872 21122 274
77940 17064 351
79821 69580 351
67596 29818 340
79195 61519 351
2004 48076 324
53829 98668 351
59458 48489 340
85133 52349 351
73575 46785 340
15421 80097 351
27016 1022 308
48157 20585 324
36032 8244 324
79344 38368 351
37787 93146 351
45699 893 324
7432 98102 351
99482 98035 328
36774 59712 340
25935 74157 340
27577 98238 351
67554 47029 340
43512 38258 306
93275 6798 351
50750 9826 324
36711 94617 351
13220 31654 308
20312 41503 324
45947 55084 340
62230 70340 330
66505 71401 325
42734 9455 324
57467 2720 340
2744 7422 262
92016 91133 333
71382 96219 351
4590 70393 340
35063 25279 311
66724 65421 268
80014 60711 351
14447 57925 340
56210 78300 351
63387 4926 340
15028 57821 340
80546 25203 351
78847 79033 214
78019 8453 351
73074 88632 351
45127 17105 324
64371 99316 351
24572 13959 282
33596 46067 324
5794 70727 340
740 91570 351
84926 65625 351
72119 50903 340
18196 78907 351
99628 97022 328
