44 1381 182
1876 452 182
600 854 171
2396 1900 183
165 391 144
3186 2144 217
1582 1 182
4064 4289 202
207 539 144
6350 8290 257
3113 3075 186
11124 9886 268
9919 7988 260
2170 1409 180
60 1770 182
4448 5383 210
13634 14594 258
9270 8540 260
16321 17917 279
10840 9961 255
18774 19142 261
17204 18275 279
7636 5905 262
13080 14121 276
19825 21611 274
21164 22234 269
21330 22491 269
21448 20830 256
17516 18805 279
23280 21804 269
15624 16642 266
29728 27973 272
28281 27264 259
19210 20194 274
28700 28874 228
17100 16200 266
17908 19201 261
4028 3014 238
35490 34054 311
30080 28304 272
2665 3817 238
4788 5640 236
3870 4766 215
31856 30882 285
5355 3431 238
4094 4756 215
43146 45023 270
37536 36057 306
45913 46976 283
32800 31439 285
46359 46742 283
29172 30967 272
44944 43760 270
49302 48257 296
23430 25165 282
20664 22553 269
32832 32749 236
754 896 179
15163 13326 271
46620 45274 283
7991 7429 252
45198 46835 283
49707 51304 278
43136 42195 288
2470 1190 209
20196 21110 256
49915 48562 296
39440 40456 306
63756 63214 330
35070 34714 280
62835 62209 286
9648 9716 185
69715 68602 299
49506 49188 265
50475 49964 265
64600 64684 255
3619 5078 238
56160 54832 322
78289 78087 276
45120 44823 283
44145 44713 270
1066 287 179
24319 23241 282
81648 81550 214
57375 58268 273
32336 31335 285
56811 56330 291
62832 63226 317
2225 3630 217
69930 70958 312
24024 24011 83
71116 69840 312
64356 65110 268
72380 70982 325
8170 7745 252
43872 44641 270
10767 10502 255
23716 22442 282
37521 37155 306
75500 76779 307
63832 62886 330
67830 69417 312
74984 75931 307
8216 9259 260
74550 74357 294
8692 9447 260
95337 93811 328
105192 103214 341
66163 67590 281
1430 143 182
57498 57531 260
8960 10012 260
56161 54990 322
90288 91582 333
85560 86912 302
16356 17891 279
103077 103426 217
68440 69156 312
17493 17991 279
60720 60246 273
54934 53614 260
62708 63551 330
35793 35035 324
75268 73604 325
46000 45500 239
2898 1733 209
90678 90014 315
54400 54248 260
12255 12169 188
41340 39346 306
1834 2030 175
130680 130794 225
15694 15716 178
62310 62721 255
113670 114212 292
54536 55326 260
98914 99685 328
74106 75929 325
57268 57260 79
100940 99348 341
119004 120896 318
61060 61723 286
49907 48116 296
88704 87956 333
46110 46534 283
29492 27688 272
9555 9760 198
133200 135051 313
137676 137165 331
41550 41605 226
25670 25425 233
61104 60168 335
55998 55620 260
143374 143644 282
123070 123320 287
148200 146961 295
13188 12476 263
12324 12139 188
32754 31193 285
12320 13830 276
142968 141688 375
112752 113391 292
112144 113045 323
40508 41558 288
112860 113119 292
112216 111336 323
38076 37799 244
110376 108696 310
144833 146357 295
121380 119414 318
96957 96863 253
84280 82411 320
25085 25005 233
65772 66062 268
45150 44679 314
117216 118777 336
113988 112868 292
155572 153725 352
160026 159466 308
176220 177805 334
82717 80943 320
7280 6240 257
104859 105932 341
160080 161531 370
158175 156456 339
43524 45481 314
48433 47296 314
68620 68152 312
47628 49236 296
22800 22509 269
156429 157327 308
160704 162315 290
38600 36639 306
18042 16417 279
190515 192407 329
86436 87417 333
191090 191977 329
84546 85681 302
156613 158486 339
59400 60929 317
185523 185648 210
200788 199250 342
29841 28894 272
105060 106407 354
185935 185587 285
173452 174979 334
165807 166004 290
46384 44910 314
68761 68035 312
83790 82901 289
55282 56611 322
60632 61102 335
5751 5985 218
80464 82169 320
202315 200500 311
103680 105029 310
105896 106290 354
197508 197967 285
203013 201937 342
78100 76553 351
88400 89131 315
99900 100479 341
152755 150837 308
96992 96028 297
146475 148410 357
50398 49068 296
196582 197333 298
35112 33387 311
15572 15008 271
33810 33330 267
45045 45458 314
33872 35758 324
137237 136235 331
79560 81437 320
49820 48794 296
137116 136374 313
233208 232471 368
134232 134215 269
10994 10831 268
54720 53176 322
162193 160657 290
239580 238174 350
158436 156659 339
218380 219770 337
202370 200909 311
223368 224680 324
30381 30847 254
247256 248708 350
231570 231658 275
157250 156407 308
107679 107085 279
171108 170523 334
128777 128862 225
177800 178441 347
135405 133509 344
144896 144402 295
35209 35224 156
166668 167205 321
22792 22338 269
110240 110575 261
157122 156421 308
97726 96030 297
110460 108913 310
186384 187586 347
33390 34031 267
109060 110170 310
222945 223021 262
130784 129237 344
110021 109972 217
43740 43233 239
239564 238956 350
94384 95408 328
1911 1679 180
186320 186656 285
52525 52586 340
108468 108178 248
196116 195424 360
141502 140837 282
55242 55240 185
154280 154359 326
69969 70526 312
78678 80254 338
28583 27300 259
251056 250320 332
49590 48875 296
75504 74890 307
80647 80837 276
230400 228672 306
176290 177204 303
181250 180639 285
81480 81937 289
11096 11415 237
51568 51095 309
22932 24091 282
104430 103573 297
212824 213185 311
1188 2370 183
168370 169680 334
233818 233380 275
115800 116420 305
181503 182288 316
228916 229314 262
158166 159302 321
277856 277012 389
141520 142368 326
41922 42536 288
20262 19864 274
186956 187830 329
220626 220755 231
62930 63401 330
276479 275156 345
51168 51789 309
93900 95547 328
125286 125298 181
256095 254503 363
283452 283314 314
284666 285693 376
203838 204474 311
195228 194546 342
313920 313152 309
180402 179281 303
311052 309620 371
18734 16863 279
173340 171800 347
40950 39331 306
211248 209552 355
283509 281970 358
84952 86841 302
106925 107543 323
269940 270992 407
304520 306076 309
331004 330355 322
19647 21112 274
105544 103726 341
175205 173575 334
197232 197424 267
101437 102149 310
51714 53570 340
196620 195510 329
293760 293490 296
187550 189449 316
234270 234796 293
94668 95762 328
149640 149665 264
278415 276791 389
297560 297007 327
200219 198667 329
45240 47032 283
236273 235546 275
66850 68235 312
209196 210546 342
143616 143183 282
4942 6879 262
246030 245095 319
33725 34463 311
174440 176102 303
43554 45407 314
143558 142415 375
210733 212517 355
139320 137450 313
229235 227776 355
149868 150225 370
60621 59732 317
53144 54196 322
342005 343624 353
211914 210841 355
314519 313228 309
345920 347802 441
168633 167160 321
292300 292716 340
139867 141860 344
351540 352325 348
232379 231229 337
254694 253105 332
185625 184867 329
44744 45488 314
267670 267466 270
170100 172007 334
101193 101660 310
77520 79483 338
186690 188343 347
82512 80607 320
347764 347503 242
338688 339048 291
229845 229845 156
329644 330677 353
287541 287082 327
382568 382544 237
287082 288347 327
26130 27670 308
345644 344671 304
240688 242083 288
295143 293817 358
261222 261851 332
278080 278606 345
310464 310599 278
93295 91817 315
193428 194109 329
381843 381265 374
8400 8887 216
221352 221482 355
341700 340461 335
191828 190010 329
378952 380449 379
298485 299694 371
249690 251562 332
365079 365316 361
6936 8109 257
70757 70843 219
152520 154143 352
181662 181292 272
11124 11791 237
176351 176473 241
21528 20358 256
146910 146338 357
55328 56879 322
308163 309291 327
404624 406272 405
358245 357670 379
190260 188849 360
22734 23661 282
84822 86442 302
373086 371888 317
299768 300668 371
42500 43172 257
145692 144738 295
422730 424024 418
255088 255631 288
188760 188189 316
181460 180193 365
133179 131194 331
242352 243486 319
308729 306826 371
423150 421553 356
83520 84029 289
148240 148562 295
368391 368649 317
141912 143906 375
332323 333091 335
128480 126486 331
67914 68689 312
436254 435766 325
430596 431065 325
87024 85364 302
406730 407896 343
250206 249835 319
183717 184333 316
242368 243925 337
366384 366745 317
322650 324097 322
81631 83371 320
297416 298759 327
355605 354899 379
54480 53550 260
30485 29295 272
438672 438527 250
19651 19705 212
172208 172008 210
255663 256562 332
169280 170714 290
47944 49656 296
206514 205954 342
224092 223284 324
196272 196403 236
366420 365282 335
252572 253051 288
64446 65967 268
35100 34777 218
237783 236892 350
188940 188707 223
154017 153775 308
75992 75851 263
158455 156544 339
174906 175513 241
288325 287739 327
19516 17715 261
153594 152321 308
431634 432862 387
329552 329006 353
193920 192870 329
99086 97831 328
355234 353345 379
239085 238784 350
390104 391425 361
98940 98737 266
78732 80296 338
188956 190151 360
262056 262771 301
410760 412459 374
304780 302849 340
143372 141696 375
134808 135728 344
432361 433545 387
63726 63511 255
27720 26485 308
292144 290848 327
133693 134911 300
96114 95672 284
293412 294374 327
223000 223828 324
125250 127095 331
289654 290892 327
147379 148885 326
97272 98104 297
361075 360768 366
374946 373262 348
107484 105913 354
133604 132099 331
321179 321353 291
95880 97410 297
292803 293354 358
49152 49900 296
275994 276531 314
514 120 144
62830 62748 255
351912 352556 335
355696 356720 348
286454 286967 314
148953 148985 295
88400 87622 333
177661 178890 347
60552 60214 286
309093 307253 371
166108 164233 352
89775 88752 315
63646 65077 299
477989 476440 382
156816 156566 308
186208 186919 347
439370 438203 400
218772 217958 324
449008 447920 369
63427 62518 330
34176 32291 267
400715 402033 387
346792 345128 441
227688 228168 337
115132 116232 349
360052 358711 348
286200 288045 327
524770 524237 364
173982 173295 347
136293 135764 269
171360 170958 334
497585 497278 289
292110 290925 327
449634 450982 387
101380 101669 310
492453 493847 426
205150 205304 311
87058 86382 271
405168 403965 343
404243 405102 343
146810 146694 295
487845 487649 338
156792 156283 308
444486 444042 263
210366 208874 342
251550 251471 257
238000 236017 350
463947 465937 369
280438 280593 283
423376 421540 356
50760 50369 265
527710 526600 377
419406 420657 343
143451 145296 326
550960 551686 377
315226 315226 247
408690 408011 312
115913 114631 349
21164 19438 274
210291 210251 218
443128 442583 356
353625 354327 348
407232 406856 343
564306 565035 421
395352 393611 405
182385 181747 316
51040 51664 309
381717 382999 374
316026 315121 340
70543 71324 325
43800 41965 288
436995 437574 387
379728 379876 304
125031 124793 256
24696 24858 264
405232 404739 343
525690 524382 408
166662 165446 352
242128 243036 319
351056 350580 273
310662 309516 371
207060 206998 280
393956 394110 361
573120 574003 359
14950 13376 271
31747 30487 285
402000 400442 387
185709 185279 303
254044 254751 288
299691 299225 296
285692 287291 314
228690 226945 355
108474 108871 261
427328 425330 356
364192 364537 286
504861 506722 364
23790 24708 264
472914 472555 338
548352 546522 452
1226 2186 180
236390 235851 337
364695 363987 286
299376 299475 234
249268 247811 350
45114 43634 283
485915 485285 338
517700 518619 302
68931 67827 312
605206 604368 297
74137 75956 325
331968 333484 353
188750 190702 360
619740 620007 266
447678 445681 325
454672 456649 338
562955 563046 297
473760 474727 382
583675 583403 266
479688 479153 320
306372 307288 309
562992 563312 315
573405 571643 372
40704 41028 288
18473 18889 261
410872 409942 449
51759 50685 309
236800 235077 337
469853 469196 338
31458 30170 285
321500 323362 322
381248 379288 379
341850 340010 335
430236 428264 312
247801 249521 350
43416 42919 257
388751 387921 330
374400 376129 361
606081 606108 235
437492 438295 294
143007 144113 282
43818 45341 314
358285 359829 348
595648 597602 372
568962 569199 271
115150 113627 305
280075 279069 283
56100 56589 304
238621 240403 350
215150 216191 280
531726 531455 346
366528 365906 330
136990 136373 313
194472 193250 329
270135 272089 407
537740 537334 302
349887 350204 304
419420 420930 343
28853 29645 272
79968 78596 338
164212 162765 321
320824 319386 371
659475 660995 354
629356 627655 310
573419 573616 359
3390 2806 217
489559 487811 382
138040 136309 331
576126 578064 390
178684 177733 347
286860 288008 327
231192 232405 337
493200 493750 395
502152 500779 426
396399 396317 193
310976 309683 371
560157 559446 284
454710 452748 369
263962 264693 332
16608 16521 160
285516 287442 327
567692 565952 359
111895 111614 292
695304 695947 336
13243 15102 276
44672 45455 314
475320 474572 351
407400 408507 299
511029 511389 302
465426 466811 369
672771 674613 367
95744 94313 328
365895 366295 330
198386 197151 329
586810 588397 328
686052 685245 349
220499 218990 355
226490 227457 368
15642 17463 266
438592 440155 400
74152 75331 325
103530 102891 235
145860 144757 295
277808 276079 389
578619 580087 359
221144 219650 355
565853 564646 421
234000 235031 381
570311 572031 377
86640 87131 333
656484 656422 261
367068 366523 348
674975 675425 367
37752 35785 306
118501 117286 336
18928 17411 279
139968 139176 313
25550 27124 308
218569 216964 324
30744 29441 272
469120 469138 183
563712 562010 359
193305 194432 329
315744 314609 340
514426 516202 395
602946 603049 173
46557 46546 146
122100 120964 336
157833 158333 308
411068 412964 343
134483 133265 313
104904 103370 310
556515 558305 346
78330 77773 276
670806 671298 323
228140 226334 368
73402 72826 294
303000 303140 327
218541 216665 342
555728 555724 191
28614 30122 272
402636 402574 250
61155 59917 335
706860 706758 274
473125 474978 382
198596 199832 329
643632 642379 354
519080 519386 258
486279 486430 289
34290 35033 280
82404 84052 320
70288 71915 325
190485 190074 329
180010 178365 303
525395 524164 364
370944 369635 392
420643 421229 312
743820 744320 318
525051 525447 364
80288 79178 320
470757 469516 338
543348 542674 315
654875 654326 323
665032 665512 442
766122 768000 468
522038 520044 364
328738 328639 216
620880 622359 372
695090 696091 336
147798 149184 326
688257 687852 380
598976 600013 372
324205 323215 322
45588 43883 314
324244 324165 216
615428 616813 372
572814 572182 372
96380 95263 284
767270 768698 468
169488 167857 334
356057 355440 379
413674 412100 343
599430 600027 253
352628 353396 335
609705 609363 341
103740 102174 310
536129 536620 333
690400 690054 336
495819 496787 320
690522 690440 274
244112 245391 275
707520 706146 305
682640 683112 305
298220 299788 371
246135 246425 257
626200 625478 341
106788 105189 354
643950 643120 279
32440 33856 267
333732 334114 335
268290 270072 345
473748 475153 382
662595 664118 367
314976 315513 340
726313 726236 318
364828 365411 361
226863 228350 337
654360 655983 385
705239 705542 274
6576 6909 244
437836 439346 400
5768 6268 262
63525 64585 299
598850 600722 372
774072 776008 437
485208 484087 320
590248 588902 297
671470 673470 367
57339 57522 260
755456 756905 362
573104 573132 222
768114 768960 331
151135 151539 251
352792 353014 335
713961 713374 380
708948 710721 380
190453 191804 329
793800 794792 331
245572 243785 337
248390 249729 350
351531 350113 379
834716 836320 344
478270 476431 382
464454 463594 338
468391 469599 382
597840 598449 341
399879 399075 299
595850 595622 297
208495 210133 342
243672 242829 319
361672 363389 361
75152 73191 325
353115 353165 304
580368 580199 253
290523 290810 327
554268 554811 359
169223 170529 290
200380 199222 342
274659 275365 345
55168 55163 185
810357 810658 406
795744 795505 225
69200 67604 312
283182 282876 265
183804 182137 334
864528 863792 344
457094 458365 338
806490 808131 406
230815 230700 262
163064 164898 334
494991 495855 320
684342 683077 380
107625 106502 323
219000 218731 262
120149 119428 305
48290 47185 314
620574 621782 310
830720 829707 344
725944 727870 349
143766 145347 326
696687 695714 336
446420 444710 338
35400 36946 324
146190 146395 295
96683 95618 297
199800 200975 342
291592 289763 327
380030 381386 379
540837 541577 364
99904 101832 341
225036 223695 368
427332 427357 188
366950 365556 335
275072 275412 345
673647 674755 367
132006 132444 331
762352 764153 375
40500 39915 306
812702 814242 375
313896 313908 172
381969 380312 374
469176 467440 413
310415 310228 371
759228 759330 256
190470 189399 360
456724 456345 245
179073 178709 272
593320 591458 403
119341 117855 336
673056 672328 367
398068 398872 374
41130 42973 288
864675 866660 388
463496 465196 338
274183 274263 208
599454 598037 372
144283 142704 326
650440 648705 385
540627 539158 408
198230 196859 329
395967 397121 330
701316 702623 411
862100 863891 344
736170 735367 424
890847 889708 370
431520 430073 325
444062 442298 356
699360 698677 305
643321 643885 279
193856 192912 329
647502 646405 323
518370 517449 333
666655 665669 398
460512 459494 307
267982 266939 345
708190 706879 349
846039 846290 269
86480 88047 333
866661 865843 388
881712 881501 326
341366 340518 304
898688 897526 339
895860 896542 370
556248 556627 346
383535 383611 224
648432 646436 341
686127 684201 354
143450 141502 375
407979 409898 312
921536 921694 277
397401 397293 299
580986 579604 328
573955 574427 315
815468 815396 269
320595 320408 296
695508 696556 336
449771 450717 387
288960 290753 345
221991 223314 337
830206 828230 375
146376 148118 357
457900 457442 338
297220 296917 327
256956 256191 332
20307 19008 274
821832 823708 375
62985 61659 317
148410 150045 370
170896 169603 290
399492 397842 374
296765 296526 265
758746 758335 362
684450 685183 279
89792 88640 315
757175 755461 362
954528 955200 383
769494 771007 393
605640 606412 328
844641 844144 357
436990 435351 325
450214 449345 369
503808 505405 364
279740 280140 283
190298 191949 329
106596 107883 323
578968 578745 315
264063 262086 407
664290 663686 367
660006 658184 354
23808 22565 282
925476 924091 370
745500 746490 349
214920 214005 293
139440 141078 344
590224 589710 297
811374 811071 287
635364 635337 279
810000 809471 344
