1 1 1
5 5 6
954048 761068 525
206293 576529 470
451590 712561 509
858334 983913 507
253127 573059 470
462307 350578 449
900318 132938 525
4479 22174 279
281326 612684 470
834771 666268 504
637480 31305 509
710914 967180 525
693312 336966 509
35395 188684 383
904546 460742 525
98539 574928 470
254208 996929 525
467434 905050 525
883226 650627 525
129946 550944 470
655607 499100 509
141855 77989 354
133133 159819 383
481627 469159 413
310983 364930 441
728198 426691 509
17720 524144 470
635104 484035 509
47670 378092 443
90015 588324 470
115330 560031 470
311543 693917 509
293367 123221 443
29984 412031 449
811356 423512 509
905066 600167 525
199605 347371 443
508640 821445 509
969874 777440 525
538036 196473 470
377306 283573 441
766492 711090 424
319138 359794 441
343025 112014 443
184120 122227 383
264427 962537 525
157155 120352 383
940406 181703 525
635110 215528 509
830566 714601 468
180808 264920 443
219870 485797 449
400396 900639 525
520290 565840 452
241666 247152 337
843397 505108 525
376400 523286 470
267543 700962 509
91744 406271 443
28514 814554 509
384193 740592 509
890826 331029 525
120818 820751 509
976994 527755 525
14356 967264 525
526288 180397 470
188921 586702 470
239223 843500 525
635159 932901 525
504315 923795 525
960093 143182 525
580586 943399 525
541973 752783 509
292060 749869 509
4981 515713 470
231335 866598 525
338460 445039 449
113612 286018 443
966395 989654 458
905661 343069 525
924850 662172 525
558853 623416 447
645664 799991 504
958097 648492 525
82630 319288 443
412486 619541 470
170787 203571 365
843410 995778 507
11969 571466 470
227390 527209 470
76359 396104 443
290626 414654 449
268194 361343 441
870121 632161 525
843334 792579 525
329085 997514 525
272759 527311 470
788549 481741 509
