1 10 20
100 200 125
201 210 89
900 1000 174
1 1 1
50 100 119
5 63 113
30 49 110
50 1000 179
101 101 26
400 705 171
512 512 10
512 513 36
1 1000 179
20 10 21
70 1001 179
700000 999999 525
800000 999999 525
900000 999999 507
999998 999999 259
76 85 111
92 10000 262
12 24 21
999999 999999 259
5000 6000 236
350000 650000 509
999999 1 525
123456 234567 443
345678 456789 449
456789 567891 470
567891 678912 509
678912 789123 504
789123 890123 525
89123 901234 525
123879 234879 443
92384 9188 351
1234 2345 183
2345 3456 217
3456 4567 238
4567 5678 236
6789 7890 257
4321 5432 215
6543 7654 257
678 123 145
7890 1234 262
12345 6789 268
20384 30458 308
12 90 116
123 890 179
1234 7890 262
12345 67890 340
21 98 119
321 987 179
4321 9876 262
135 689 145
1 999999 525
12 999998 525
123 999997 525
1234 999996 525
12345 999995 525
54321 555555 470
4321 555554 470
321 555553 470
21 555552 470
1 555551 470
98723 234 351
98756 56748 351
5498 4789 210
1 5 8
10 999999 525
100 999999 525
1000 999999 525
10000 999999 525
100000 999999 525
999999 500000 525
999999 50000 525
999999 5000 525
999999 500 525
999999 50 525
999999 5 525
583993 829738 509
238374 399299 441
848475 298374 525
239874 98543 443
232393 298292 407
45 98 119
2929 494949 449
1993 1995 51
29347 35948 324
123098 234987 443
348587 890432 525
123678 890435 525
987432 876432 507
123678 876469 525
1237 23478 279
23098 3879 279
12984 9873 268
9875 2987 262
84849 66694 351
29837 98734 351
