1 10 20
100 200 125
201 210 89
900 1000 174
1 1 1
999999 999999 259
999000 999999 396
998000 999000 396
997000 998000 440
996000 997000 365
995000 996000 365
994000 995000 365
993000 994000 290
992000 993000 352
991000 992000 321
990000 991000 321
900000 999999 507
800000 900000 525
700000 800000 504
600000 700000 509
500000 600000 470
400000 500000 449
300000 400000 441
200000 300000 443
100000 200000 383
0 100000 351
52119 604814 470
449566 847996 525
741540 5947 509
320378 41843 443
22593 89368 351
93736 28978 351
68949 84346 351
26919 28830 259
23842 45567 324
93600 54817 351
50934 87372 351
40296 50905 314
26355 36464 324
68182 65447 312
23448 92915 351
77069 3956 351
11664 66244 340
36084 17500 324
59935 62066 335
63092 50522 340
22086 1602 279
52368 61457 340
34675 53663 340
63158 59703 335
76096 46737 340
70599 73276 325
19886 7405 279
84783 72936 351
64840 40549 340
63846 30590 340
39941 26706 324
82546 82495 214
62978 62356 286
69106 1034 340
78397 10115 351
89960 52803 351
12073 57470 340
44600 35297 324
58541 5126 340
30807 39615 324
59718 18955 340
54392 82474 351
43151 83215 351
86901 87175 333
62619 86895 351
19794 70283 340
24189 59928 340
24245 8397 282
86813 51506 351
1990 17738 279
98115 8836 351
4501 78171 351
63254 71404 330
5358 72855 340
47533 43210 314
33759 94865 351
81943 43381 351
15924 92965 351
74859 64226 325
25544 90093 351
32829 84998 351
14403 10214 276
58748 99526 351
80012 91837 333
26653 16330 308
28292 49823 324
28930 80980 351
6298 71001 340
53983 52188 340
12456 93702 351
80211 35459 351
39952 26467 324
65596 41161 340
72663 6978 340
