534 497985 449
28745 119497 354
41745 145333 375
77602 382696 443
88156 358121 443
111939 87698 354
127399 386402 443
144400 411391 449
167940 154988 383
190349 731791 509
213582 871600 525
237180 790161 509
253901 192368 443
270863 888099 525
284925 389380 441
309462 677566 509
338011 12215 443
343933 853136 525
368270 242377 441
391327 470957 449
408241 997230 525
434871 722407 509
443228 18620 449
474362 749078 509
496227 461436 426
500010 722648 509
524681 568019 452
549727 173453 470
571335 910974 525
580447 614692 434
606851 17943 470
637428 915506 525
650187 261862 509
665145 93746 509
690010 259868 509
715718 646090 504
720525 691368 504
747749 227496 509
778548 253722 509
786147 403100 509
815213 884048 525
833161 414211 509
847443 468594 525
878561 919884 476
899974 845533 445
914267 343384 525
929114 313612 525
946229 96146 525
968134 512871 525
990346 560770 525
25129 563793 470
38897 803991 509
353108 750178 509
367909 560931 470
697055 527711 509
212646 287021 443
21760 464106 449
311085 947144 525
323251 98468 443
528736 764648 509
542032 587738 452
41430 996236 525
918224 295353 525
373837 200504 443
972003 168845 525
859284 729937 525
142650 102221 375
312455 30165 443
206235 213426 373
361263 370337 392
953895 942645 414
980693 226356 525
991953 819676 525
249304 334392 407
316280 317771 353
397133 912523 525
115088 317438 443
135477 761533 509
318281 667 443
761454 699616 504
278841 259151 407
55350 860029 525
877885 544683 525
152828 228170 386
757886 349104 509
262214 733930 509
315252 374155 441
173217 839096 525
520220 696016 509
416714 259127 449
393925 373226 436
592443 784307 509
212925 753959 509
949021 155722 525
408745 887993 525
802796 115486 509
394947 245521 441
390680 497184 449
607897 707839 509
844497 360255 525
