19373 960299 525
304995 904692 525
393693 734842 509
330648 327141 353
307853 514998 470
354803 432344 449
179982 125934 383
305876 23933 443
30040 473426 449
219465 245144 443
171675 210474 373
253531 338034 407
932219 208623 525
478387 631584 509
426636 680596 509
203295 212440 373
406756 66546 443
624406 165609 470
7728 340833 443
911366 58909 525
136321 468870 449
564148 985790 525
996351 450609 525
211684 107772 383
61116 597465 470
432446 11611 449
936769 586034 525
286492 291778 389
865507 654095 525
740871 578818 509
188209 367894 443
108163 238912 443
464601 70584 449
762332 580215 509
113200 811363 509
48113 872212 525
181033 823731 509
418324 448380 418
22404 233209 443
770133 655702 504
550856 803156 509
929408 153631 525
15166 716393 509
168846 52729 383
187772 847775 525
682666 123516 509
359427 621414 470
910993 71425 525
128953 746001 509
948939 813134 525
187401 654850 509
424564 324673 449
56080 906582 525
787277 180350 509
879695 900893 445
383724 781864 509
398455 516514 470
980641 426137 525
897876 883909 445
152497 286237 443
777474 298399 509
329807 715924 509
8653 3070 262
225437 999637 525
515114 513935 364
514721 767360 509
879459 75066 525
912260 188071 525
449629 611512 470
888231 326085 525
686062 215503 509
875011 494440 525
291987 578093 470
984151 62335 525
772386 677686 504
10688 589614 470
75064 803582 509
775649 643320 504
294362 354600 441
717813 71827 509
314869 676656 509
135627 332676 443
41267 647241 509
482325 936654 525
649207 144209 509
226537 276690 443
306785 642629 509
895089 850736 445
690792 697052 442
450301 774986 509
644004 523701 509
7444 705660 509
784461 18308 509
546086 997349 525
603066 67321 470
609335 182418 470
528396 911357 525
957458 658077 525
356080 608826 470
959928 594355 525
