91545 60447 351
69577 62904 330
57203 72041 335
20752 50023 324
18383 45968 324
91907 91137 333
10419 74256 340
27208 52199 324
24185 45657 324
81137 14203 351
72752 29326 340
37881 83455 351
2179 82009 351
11363 73910 340
9846 25157 282
58892 16995 340
12855 62367 340
57516 11772 340
40281 54367 340
49272 64413 340
88097 99755 333
94869 5944 351
83770 60781 351
92476 57039 351
8926 31022 308
13216 86474 351
13332 65099 340
30917 30370 254
71814 14142 340
69725 18790 340
69472 80654 351
99578 1476 351
31110 6840 308
15537 97447 351
77372 29830 351
45490 83926 351
5356 61283 340
22220 13220 279
39075 20604 324
99839 16950 351
26285 91917 351
50792 76294 340
93807 51418 351
84082 85657 320
14123 43394 324
78672 54840 351
60917 33050 340
90432 83869 333
72279 92385 351
9506 95152 351
98271 55538 351
66621 71591 325
79910 74502 351
75692 33250 340
98515 40363 351
63859 71425 325
7897 92164 351
2613 97698 351
85719 18333 351
47906 31621 324
35999 34777 324
26704 62510 340
47416 12553 324
23440 9091 279
93030 29526 351
74989 65542 325
26243 62472 340
59500 76876 335
78121 32365 351
42458 19082 324
44198 78647 351
14876 4682 276
9671 69788 340
73047 26845 340
4105 13581 276
54341 46717 340
9993 86300 351
76121 94765 351
28655 38834 324
78019 78621 307
56482 90893 351
98818 3518 351
41418 48237 314
7989 36480 324
21939 71773 340
69008 31705 340
54941 91272 351
48782 43344 314
7836 83975 351
47855 41798 314
10823 23743 282
83421 93034 333
5000 53587 340
53628 9808 340
31786 96768 351
39183 69401 340
20732 91647 351
79710 3513 351
26115 34433 311
6364 32832 308