1 1 1
2 1 2
3 1 8
2 1 2
3 1 8
1 10 20
10 1 20
588211 588213 160
300004 300019 234
990505 990479 321
727188 727165 199
432865 432895 219
498232 498207 258
401702 401660 299
71355 71323 219
358224 358250 255
335919 335924 260
654398 654507 292
741302 741292 181
867599 867716 326
826233 826349 269
830787 830876 251
222433 222492 262
665736 665889 248
712189 712327 349
16854 16776 266
596082 595945 297
116063 115959 305
749771 749866 256
55709 55795 260
203271 203035 311
198278 198067 329
144655 144659 189
499686 499550 395
119831 119745 305
642300 642168 279
257185 256900 345
908692 908580 308
972380 972272 246
483110 482787 258
786229 786089 269
636815 637099 310
871409 871420 158
44499 44510 133
52282 52346 203
313593 313485 278
443850 443621 250
883919 883640 370
578247 578022 346
328792 328924 291
134543 134493 238
533500 533831 320
258042 258023 195
818399 818500 344
427105 426764 356
6859 6980 257
861422 861398 189
891416 891648 326
782337 782741 331
32911 32920 267
707652 707577 230
548065 548516 315
825740 825391 344
686609 686644 336
291572 291320 296
366152 366529 286
745868 745378 349
466143 466059 263
130263 130354 225
467107 467236 263
895204 895762 326
904792 904424 339
737441 737058 380
297432 297966 327
801813 801896 300
122361 122138 243
312763 312806 185
192399 192617 272
84088 83597 289
507041 507511 333
522123 522253 196
668533 667930 292
187709 188312 316
349093 349226 291
296078 295855 265
322298 322004 247
877679 877374 401
195754 195982 329
79200 79698 276
24456 25119 264
243178 243724 319
901113 901012 251
832670 833225 388
765103 765015 287
556576 556769 346
866461 865628 388
937415 936686 383
620691 620809 204
99422 100184 341
568591 569452 359
860812 861451 313
447670 447998 325
516760 516478 289
955705 955767 202
660056 659316 354
367619 367501 242
784245 783656 331
999998 999999 259
999999 999900 259
