922 926 130
643 128 144
667 65 145
711 909 179
954 14 179
537 685 145
417 643 142
399 420 134
426 619 142
830 214 171
667 257 145
628 302 144
253 102 128
448 801 171
472 535 142
786 876 179
596 72 144
684 490 145
228 823 171
718 579 171
742 528 171
465 536 142
382 999 179
499 419 142
836 781 135
481 742 171
806 312 171
372 795 171
4 175 125
560 20 144
601 497 137
605 683 145
366 279 144
589 145 144
9 751 171
52 224 125
49 555 144
94 720 171
750 755 140
709 870 153
877 956 174
297 883 179
914 769 179
872 420 179
489 798 171
329 591 142
723 326 171
420 743 171
308 428 144
890 977 174
596 728 171
702 272 145
802 10 171
76 493 144
124 24 119
538 954 179
764 245 171
655 112 145
307 48 128
114 848 171
868 770 153
630 639 132
547 226 144
34 493 144
566 277 144
874 357 179
691 834 171
314 96 131
335 39 144
725 552 171
358 228 144
40 563 144
30 106 119
124 943 179
868 705 153
792 364 171
909 608 179
796 608 171
330 795 171
24 872 179
40 871 179
442 576 142
140 778 171
233 669 145
52 157 122
343 654 145
958 12 179
991 7 179
413 231 144
476 618 142
932 765 179
755 125 171
353 481 134
644 829 171
837 857 104
61 823 171
610 362 142
458 337 134
618 340 142
597 792 171
