147 157 117
464 474 129
345 355 126
302 312 87
472 482 54
485 495 142
238 248 110
177 187 94
75 85 111
242 252 110
421 431 103
157 167 112
169 179 125
409 419 134
193 203 120
148 158 86
288 298 118
64 74 116
59 69 108
262 272 123
52 62 113
42 52 105
355 365 95
368 378 108
70 80 116
191 201 120
407 417 134
209 219 115
414 424 134
123 133 122
395 405 121
107 117 114
212 222 115
7 17 20
218 228 115
70 80 116
328 338 113
478 488 142
86 96 106
406 416 134
469 479 129
198 208 120
234 244 128
177 187 94
348 358 126
428 438 116
384 394 121
379 389 121
24 34 112
38 48 110
349 359 126
377 387 121
288 298 118
102 112 114
287 297 118
216 226 115
284 294 118
292 302 118
235 245 128
475 485 98
160 170 112
47 57 113
482 492 142
359 369 95
143 153 117
76 86 111
167 177 125
308 318 131
94 104 119
274 284 105
286 296 118
265 275 123
365 375 95
232 242 128
460 470 129
210 220 115
32 42 110
174 184 94
487 497 142
248 258 123
317 327 144
199 209 120
237 247 97
484 494 142
395 405 121
34 44 110
1 11 20
111 121 96
69 79 116
134 144 104
256 266 123
26 36 112
246 256 110
221 231 128
486 496 142
139 149 117
222 232 128
111 121 96
338 348 126
54 64 113
406 416 134
